<?xml version="1.0" encoding="UTF-8"?>
<!-- Generated by org.testng.reporters.JUnitXMLReporter -->
<testsuite hostname="DESKTOP-858RMVH" failures="1" tests="1" name="test1" time="16.558" errors="0" timestamp="12 Mar 2019 14:46:33 GMT">
  <testcase classname="Academy.validateContentTest" name="invokehome" time="12.847">
    <failure type="junit.framework.ComparisonFailure" message="expected:&amp;lt;...&amp;gt; but was:&amp;lt;...s&amp;gt;">
      <![CDATA[junit.framework.ComparisonFailure: expected:<...> but was:<...s>
	at junit.framework.Assert.assertEquals(Assert.java:81)
	at junit.framework.Assert.assertEquals(Assert.java:87)
	at Academy.validateContentTest.invokehome(validateContentTest.java:29)
... Removed 24 stack frames]]>
    </failure>
  </testcase> <!-- invokehome -->
</testsuite> <!-- test1 -->
