<?xml version="1.0" encoding="UTF-8"?>
<testng-results total="1" passed="1" failed="0" skipped="0">
  <reporter-output>
  </reporter-output>
  <suite started-at="2019-03-22T16:46:21Z" name="Suite" finished-at="2019-03-22T16:46:44Z" duration-ms="22442">
    <groups>
    </groups>
    <test started-at="2019-03-22T16:46:21Z" name="Test" finished-at="2019-03-22T16:46:44Z" duration-ms="22442">
      <class name="com.spiceJet.test.HomepageTest">
        <test-method is-config="true" signature="initialize()[pri:0, instance:com.spiceJet.test.HomepageTest@3e821657]" started-at="2019-03-22T22:16:21Z" name="initialize" finished-at="2019-03-22T22:16:31Z" duration-ms="9554" status="PASS">
          <reporter-output>
          </reporter-output>
        </test-method> <!-- initialize -->
        <test-method signature="invokeHome(java.lang.String, java.lang.String)[pri:0, instance:com.spiceJet.test.HomepageTest@3e821657]" started-at="2019-03-22T22:16:31Z" name="invokeHome" data-provider="getdata" finished-at="2019-03-22T22:16:41Z" duration-ms="10367" status="PASS">
          <params>
            <param index="0">
              <value>
                <![CDATA[19]]>
              </value>
            </param>
            <param index="1">
              <value>
                <![CDATA[AED]]>
              </value>
            </param>
          </params>
          <reporter-output>
          </reporter-output>
        </test-method> <!-- invokeHome -->
        <test-method is-config="true" signature="tearDown()[pri:0, instance:com.spiceJet.test.HomepageTest@3e821657]" started-at="2019-03-22T22:16:42Z" name="tearDown" finished-at="2019-03-22T22:16:44Z" duration-ms="2119" status="PASS">
          <reporter-output>
          </reporter-output>
        </test-method> <!-- tearDown -->
      </class> <!-- com.spiceJet.test.HomepageTest -->
    </test> <!-- Test -->
  </suite> <!-- Suite -->
</testng-results>
